2023.01.16 09:18:54 INFO  tracing is disabled for protocol LSP, to enable tracing of incoming and outgoing JSON messages create an empty file at /home/alexandre/Documents/estudos/java/springboot2-mongodb/.metals/lsp.trace.json or /home/alexandre/.cache/metals/lsp.trace.json[0m
2023.01.16 09:18:58 INFO  logging to file /home/alexandre/Documents/estudos/java/springboot2-mongodb/.metals/metals.log[0m
2023.01.16 09:18:58 INFO  Started: Metals version 0.11.10 in workspace '/home/alexandre/Documents/estudos/java/springboot2-mongodb' for client Visual Studio Code 1.74.3.[0m
SLF4J: No SLF4J providers were found.
SLF4J: Defaulting to no-operation (NOP) logger implementation
SLF4J: See https://www.slf4j.org/codes.html#noProviders for further details.
SLF4J: Class path contains SLF4J bindings targeting slf4j-api versions 1.7.x or earlier.
SLF4J: Ignoring binding found at [jar:file:/home/alexandre/.cache/coursier/v1/https/repo1.maven.org/maven2/com/outr/scribe-slf4j_2.13/3.10.5/scribe-slf4j_2.13-3.10.5.jar!/org/slf4j/impl/StaticLoggerBinder.class]
SLF4J: See https://www.slf4j.org/codes.html#ignoredBindings for an explanation.
2023.01.16 09:19:05 INFO  time: initialize in 6.71s[0m
2023.01.16 09:19:13 WARN  Build server is not auto-connectable.[0m
2023.01.16 09:19:13 WARN  no build target for: /home/alexandre/Documents/estudos/java/springboot2-mongodb/src/main/java/com/parkus/sbmongo/SbmongoApplication.java[0m
jan. 16, 2023 9:19:14 AM org.eclipse.lsp4j.jsonrpc.RemoteEndpoint handleCancellation
WARNING: Unmatched cancel notification for request id 1
jan. 16, 2023 9:19:15 AM org.eclipse.lsp4j.jsonrpc.RemoteEndpoint handleCancellation
WARNING: Unmatched cancel notification for request id 6
2023.01.16 09:19:20 INFO  time: code lens generation in 3.81s[0m
2023.01.16 09:19:20 INFO  time: code lens generation in 5.51s[0m
2023.01.16 09:19:20 INFO  time: code lens generation in 5.26s[0m
2023.01.16 09:20:53 WARN  no build target for: /home/alexandre/Documents/estudos/java/springboot2-mongodb/src/main/java/com/parkus/sbmongo/SbmongoApplication.java[0m
jan. 16, 2023 9:21:16 AM org.eclipse.lsp4j.jsonrpc.RemoteEndpoint handleCancellation
WARNING: Unmatched cancel notification for request id 24
